SLF4J: Failed to load class "org.slf4j.impl.StaticLoggerBinder".
SLF4J: Defaulting to no-operation (NOP) logger implementation
SLF4J: See http://www.slf4j.org/codes.html#StaticLoggerBinder for further details.
SLF4J: Failed to load class "org.slf4j.impl.StaticMDCBinder".
SLF4J: Defaulting to no-operation MDCAdapter implementation.
SLF4J: See http://www.slf4j.org/codes.html#no_static_mdc_binder for further details.
[AWT-EventQueue-0] INFO JDA - Login Successful!
[JDA MainWS-ReadThread] INFO WebSocketClient - Connected to WebSocket
[JDA MainWS-ReadThread] INFO JDA - Finished Loading!
[JDA MainWS-ReadThread] ERROR JDA - One of the EventListeners had an uncaught exception
java.lang.NullPointerException
	at sirmangler.LunaBot.Commands.SetLevel.execute(SetLevel.java:62)
	at sirmangler.LunaBot.Commands.Command.interpret(Command.java:52)
	at sirmangler.LunaBot.discord.LunaBot.onMessageReceived(LunaBot.java:215)
	at net.dv8tion.jda.core.hooks.ListenerAdapter.onEvent(ListenerAdapter.java:403)
	at net.dv8tion.jda.core.hooks.InterfacedEventManager.handle(InterfacedEventManager.java:84)
	at net.dv8tion.jda.core.handle.MessageCreateHandler.handleInternally(MessageCreateHandler.java:122)
	at net.dv8tion.jda.core.handle.SocketHandler.handle(SocketHandler.java:37)
	at net.dv8tion.jda.core.requests.WebSocketClient.handleEvent(WebSocketClient.java:1051)
	at net.dv8tion.jda.core.requests.WebSocketClient.onTextMessage(WebSocketClient.java:691)
	at net.dv8tion.jda.core.requests.WebSocketClient.onBinaryMessage(WebSocketClient.java:1099)
	at com.neovisionaries.ws.client.ListenerManager.callOnBinaryMessage(ListenerManager.java:368)
	at com.neovisionaries.ws.client.ReadingThread.callOnBinaryMessage(ReadingThread.java:270)
	at com.neovisionaries.ws.client.ReadingThread.handleBinaryFrame(ReadingThread.java:990)
	at com.neovisionaries.ws.client.ReadingThread.handleFrame(ReadingThread.java:749)
	at com.neovisionaries.ws.client.ReadingThread.main(ReadingThread.java:108)
	at com.neovisionaries.ws.client.ReadingThread.runMain(ReadingThread.java:64)
	at com.neovisionaries.ws.client.WebSocketThread.run(WebSocketThread.java:45)
[JDA MainWS-ReadThread] ERROR JDA - One of the EventListeners had an uncaught exception
java.lang.IndexOutOfBoundsException: Index: 1, Size: 1
	at java.util.ArrayList.rangeCheck(Unknown Source)
	at java.util.ArrayList.get(Unknown Source)
	at sirmangler.LunaBot.Commands.SetLevel.execute(SetLevel.java:91)
	at sirmangler.LunaBot.Commands.Command.interpret(Command.java:52)
	at sirmangler.LunaBot.discord.LunaBot.onMessageReceived(LunaBot.java:215)
	at net.dv8tion.jda.core.hooks.ListenerAdapter.onEvent(ListenerAdapter.java:403)
	at net.dv8tion.jda.core.hooks.InterfacedEventManager.handle(InterfacedEventManager.java:84)
	at net.dv8tion.jda.core.handle.MessageCreateHandler.handleInternally(MessageCreateHandler.java:122)
	at net.dv8tion.jda.core.handle.SocketHandler.handle(SocketHandler.java:37)
	at net.dv8tion.jda.core.requests.WebSocketClient.handleEvent(WebSocketClient.java:1051)
	at net.dv8tion.jda.core.requests.WebSocketClient.onTextMessage(WebSocketClient.java:691)
	at net.dv8tion.jda.core.requests.WebSocketClient.onBinaryMessage(WebSocketClient.java:1099)
	at com.neovisionaries.ws.client.ListenerManager.callOnBinaryMessage(ListenerManager.java:368)
	at com.neovisionaries.ws.client.ReadingThread.callOnBinaryMessage(ReadingThread.java:270)
	at com.neovisionaries.ws.client.ReadingThread.handleBinaryFrame(ReadingThread.java:990)
	at com.neovisionaries.ws.client.ReadingThread.handleFrame(ReadingThread.java:749)
	at com.neovisionaries.ws.client.ReadingThread.main(ReadingThread.java:108)
	at com.neovisionaries.ws.client.ReadingThread.runMain(ReadingThread.java:64)
	at com.neovisionaries.ws.client.WebSocketThread.run(WebSocketThread.java:45)
org.json.JSONException: JSONObject["customGreetings"] not found.
	at org.json.JSONObject.get(JSONObject.java:566)
	at org.json.JSONObject.getJSONObject(JSONObject.java:778)
	at sirmangler.LunaBot.discord.Data.loadData(Data.java:575)
	at sirmangler.LunaBot.discord.Commands.reload(Commands.java:50)
	at sirmangler.LunaBot.discord.LunaBot.onMessageReceived(LunaBot.java:227)
	at net.dv8tion.jda.core.hooks.ListenerAdapter.onEvent(ListenerAdapter.java:403)
	at net.dv8tion.jda.core.hooks.InterfacedEventManager.handle(InterfacedEventManager.java:84)
	at net.dv8tion.jda.core.handle.MessageCreateHandler.handleInternally(MessageCreateHandler.java:122)
	at net.dv8tion.jda.core.handle.SocketHandler.handle(SocketHandler.java:37)
	at net.dv8tion.jda.core.requests.WebSocketClient.handleEvent(WebSocketClient.java:1051)
	at net.dv8tion.jda.core.requests.WebSocketClient.onTextMessage(WebSocketClient.java:691)
	at net.dv8tion.jda.core.requests.WebSocketClient.onBinaryMessage(WebSocketClient.java:1099)
	at com.neovisionaries.ws.client.ListenerManager.callOnBinaryMessage(ListenerManager.java:368)
	at com.neovisionaries.ws.client.ReadingThread.callOnBinaryMessage(ReadingThread.java:270)
	at com.neovisionaries.ws.client.ReadingThread.handleBinaryFrame(ReadingThread.java:990)
	at com.neovisionaries.ws.client.ReadingThread.handleFrame(ReadingThread.java:749)
	at com.neovisionaries.ws.client.ReadingThread.main(ReadingThread.java:108)
	at com.neovisionaries.ws.client.ReadingThread.runMain(ReadingThread.java:64)
	at com.neovisionaries.ws.client.WebSocketThread.run(WebSocketThread.java:45)
org.json.JSONException: JSONObject["customGreetings"] not found.
	at org.json.JSONObject.get(JSONObject.java:566)
	at org.json.JSONObject.getJSONObject(JSONObject.java:778)
	at sirmangler.LunaBot.discord.Data.loadData(Data.java:575)
	at sirmangler.LunaBot.discord.Commands.reload(Commands.java:50)
	at sirmangler.LunaBot.discord.LunaBot.onMessageReceived(LunaBot.java:227)
	at net.dv8tion.jda.core.hooks.ListenerAdapter.onEvent(ListenerAdapter.java:403)
	at net.dv8tion.jda.core.hooks.InterfacedEventManager.handle(InterfacedEventManager.java:84)
	at net.dv8tion.jda.core.handle.MessageCreateHandler.handleInternally(MessageCreateHandler.java:122)
	at net.dv8tion.jda.core.handle.SocketHandler.handle(SocketHandler.java:37)
	at net.dv8tion.jda.core.requests.WebSocketClient.handleEvent(WebSocketClient.java:1051)
	at net.dv8tion.jda.core.requests.WebSocketClient.onTextMessage(WebSocketClient.java:691)
	at net.dv8tion.jda.core.requests.WebSocketClient.onBinaryMessage(WebSocketClient.java:1099)
	at com.neovisionaries.ws.client.ListenerManager.callOnBinaryMessage(ListenerManager.java:368)
	at com.neovisionaries.ws.client.ReadingThread.callOnBinaryMessage(ReadingThread.java:270)
	at com.neovisionaries.ws.client.ReadingThread.handleBinaryFrame(ReadingThread.java:990)
	at com.neovisionaries.ws.client.ReadingThread.handleFrame(ReadingThread.java:749)
	at com.neovisionaries.ws.client.ReadingThread.main(ReadingThread.java:108)
	at com.neovisionaries.ws.client.ReadingThread.runMain(ReadingThread.java:64)
	at com.neovisionaries.ws.client.WebSocketThread.run(WebSocketThread.java:45)
[JDA MainWS-ReadThread] ERROR JDA - One of the EventListeners had an uncaught exception
java.lang.IndexOutOfBoundsException: Index: 2, Size: 2
	at java.util.ArrayList.rangeCheck(Unknown Source)
	at java.util.ArrayList.get(Unknown Source)
	at sirmangler.LunaBot.Commands.SetLevel.execute(SetLevel.java:94)
	at sirmangler.LunaBot.Commands.Command.interpret(Command.java:52)
	at sirmangler.LunaBot.discord.LunaBot.onMessageReceived(LunaBot.java:215)
	at net.dv8tion.jda.core.hooks.ListenerAdapter.onEvent(ListenerAdapter.java:403)
	at net.dv8tion.jda.core.hooks.InterfacedEventManager.handle(InterfacedEventManager.java:84)
	at net.dv8tion.jda.core.handle.MessageCreateHandler.handleInternally(MessageCreateHandler.java:122)
	at net.dv8tion.jda.core.handle.SocketHandler.handle(SocketHandler.java:37)
	at net.dv8tion.jda.core.requests.WebSocketClient.handleEvent(WebSocketClient.java:1051)
	at net.dv8tion.jda.core.requests.WebSocketClient.onTextMessage(WebSocketClient.java:691)
	at net.dv8tion.jda.core.requests.WebSocketClient.onBinaryMessage(WebSocketClient.java:1099)
	at com.neovisionaries.ws.client.ListenerManager.callOnBinaryMessage(ListenerManager.java:368)
	at com.neovisionaries.ws.client.ReadingThread.callOnBinaryMessage(ReadingThread.java:270)
	at com.neovisionaries.ws.client.ReadingThread.handleBinaryFrame(ReadingThread.java:990)
	at com.neovisionaries.ws.client.ReadingThread.handleFrame(ReadingThread.java:749)
	at com.neovisionaries.ws.client.ReadingThread.main(ReadingThread.java:108)
	at com.neovisionaries.ws.client.ReadingThread.runMain(ReadingThread.java:64)
	at com.neovisionaries.ws.client.WebSocketThread.run(WebSocketThread.java:45)
